0000000000000000 a __start__
0000000000000000 T _start
0000000000000000 b _TLS_MODULE_BASE_
0000000000000000 0000000000000004 b g_fsPriority
0000000000000004 0000000000000004 b fsdev_last_result
0000000000000008 0000000000000401 B __nx_dev_path_buf
00000000000000e0 T __nx_exit
00000000000000f0 T __nx_mod0
0000000000000140 0000000000000034 T exit
0000000000000180 0000000000000e34 T main
0000000000000fc0 t __do_global_dtors_aux
0000000000001020 t frame_dummy
0000000000001050 000000000000007c t add_face
00000000000010d0 0000000000000128 T chunk_generate
0000000000001200 00000000000004bc T chunk_build_mesh
00000000000016c0 0000000000000094 t load_file
0000000000001760 0000000000000214 T simplex2
0000000000001980 0000000000000114 t collides
0000000000001aa0 0000000000000018 T player_init
0000000000001ac0 0000000000000104 T player_update
0000000000001bd0 00000000000001f0 T raycast
0000000000001dc0 0000000000000224 T dk::detail::MemBlock::initialize(unsigned int, void*, unsigned int)
0000000000001ff0 00000000000000cc T dk::detail::MemBlock::destroy()
00000000000020c0 0000000000000084 T dk::detail::MemBlock::getGpuAddrForImage(unsigned int, unsigned int, NvKind)
0000000000002150 0000000000000084 T dkMemBlockCreate
00000000000021e0 000000000000002c T dkMemBlockDestroy
0000000000002210 000000000000001c T dkMemBlockGetCpuAddr
0000000000002230 0000000000000008 T dkMemBlockGetGpuAddr
0000000000002240 00000000000000f8 T dk::detail::Queue::waitFenceRing(bool)
0000000000002340 0000000000000154 T dk::detail::Queue::addCmdMemory(unsigned long)
00000000000024a0 0000000000000080 T dk::detail::Queue::appendGpfifoEntries(dk::detail::CtrlCmdGpfifoEntry const*, unsigned int)
0000000000002520 0000000000000004 W dk::detail::Queue::_gpfifoFlushFunc(void*, dk::detail::CtrlCmdGpfifoEntry const*, unsigned int)
0000000000002530 0000000000000190 T dk::detail::Queue::waitFence(dk::detail::Fence&)
00000000000026c0 00000000000001a4 T dk::detail::Queue::signalFence(dk::detail::Fence&, bool)
0000000000002870 0000000000000138 T dk::detail::Queue::flushRing(bool)
00000000000029b0 0000000000000218 T dk::detail::Queue::flush()
0000000000002bd0 00000000000000cc T dk::detail::Queue::onCmdBufAddMem(unsigned long)
0000000000002ca0 0000000000000008 W dk::detail::Queue::_addMemFunc(void*, dk::detail::CmdBuf*, unsigned long)
0000000000002cb0 0000000000000050 T dk::detail::Queue::waitIdle()
0000000000002d00 0000000000000064 T dk::detail::Queue::~Queue()
0000000000002d00 0000000000000064 T dk::detail::Queue::~Queue()
0000000000002d70 000000000000002c T dkQueueDestroy
0000000000002da0 0000000000000004 T dkQueueWaitIdle
0000000000002db0 0000000000000004 W dk::detail::ComputeQueue::initialize()
0000000000002dc0 0000000000000190 T dk::detail::Queue::initialize()
0000000000002f50 00000000000001e0 T dkQueueCreate
0000000000003130 0000000000000054 W dk::detail::ComputeQueue::processCtrlCmd(dk::detail::CtrlCmdHeader const*)
0000000000003190 0000000000000198 T dk::detail::Queue::submitCommands(unsigned long)
0000000000003190 0000000000000198 t dk::detail::Queue::submitCommands(unsigned long) [clone .localalias]
0000000000003330 0000000000000020 T dkQueueSubmitCommands
0000000000003350 0000000000000254 T dk::detail::ImageLayout::calcLevelOffset(unsigned int) const
00000000000035b0 0000000000000398 T dk::detail::ImageInfo::fromImageView(DkImageView const*, unsigned int)
0000000000003950 00000000000004cc T dkImageLayoutInitialize
0000000000003e20 0000000000000008 T dkImageLayoutGetSize
0000000000003e30 0000000000000008 T dkImageLayoutGetAlignment
0000000000003e40 000000000000005c T dkImageInitialize
0000000000003ea0 0000000000000494 T dkCmdBufBindShaders
0000000000004340 00000000000001b8 T dk::detail::Swapchain::initialize(void*, dk::detail::Image const* const*, unsigned int)
0000000000004500 0000000000000010 T dk::detail::Swapchain::~Swapchain()
0000000000004500 0000000000000010 T dk::detail::Swapchain::~Swapchain()
0000000000004510 000000000000002c T dk::detail::Swapchain::acquireImage(int&, dk::detail::Fence&)
0000000000004540 0000000000000050 T dk::detail::Swapchain::presentImage(int, dk::detail::Fence const&)
0000000000004590 0000000000000084 T dkSwapchainCreate
0000000000004620 000000000000002c T dkSwapchainDestroy
0000000000004650 0000000000000054 T dkQueueAcquireImage
00000000000046b0 0000000000000084 T dkQueuePresentImage
0000000000004740 0000000000000168 T dk::detail::Fence::wait(int)
00000000000048b0 0000000000000078 T dk::detail::CodeSegMgr::initialize()
0000000000004930 0000000000000078 T dk::detail::CodeSegMgr::cleanup()
00000000000049b0 0000000000000108 T dk::detail::CodeSegMgr::allocSpace(unsigned int, unsigned long&)
0000000000004ac0 0000000000000028 T dk::detail::CodeSegMgr::freeSpace(unsigned long, unsigned int)
0000000000004af0 0000000000000110 T dkShaderInitialize
0000000000004c00 00000000000000fc T dk::detail::QueueWorkBuf::QueueWorkBuf(DkQueueMaker const&)
0000000000004c00 00000000000000fc T dk::detail::QueueWorkBuf::QueueWorkBuf(DkQueueMaker const&)
0000000000004d00 0000000000000034 T dk::detail::CmdBuf::clear()
0000000000004d40 0000000000000048 T dk::detail::CmdBuf::~CmdBuf()
0000000000004d40 0000000000000048 T dk::detail::CmdBuf::~CmdBuf()
0000000000004d90 0000000000000068 T dk::detail::CmdBuf::requestCmdMem(unsigned int)
0000000000004e00 00000000000000f8 T dk::detail::CmdBuf::appendCtrlCmd(unsigned long)
0000000000004f00 0000000000000124 T dk::detail::CmdBuf::appendRawGpfifoEntry(unsigned long, unsigned int, unsigned int)
0000000000005030 000000000000007c T dk::detail::CmdBuf::finishList()
00000000000050b0 0000000000000090 T dk::detail::CmdBuf::addMemory(dk::detail::MemBlock*, unsigned int, unsigned int)
0000000000005140 000000000000005c T dkCmdBufCreate
00000000000051a0 000000000000002c T dkCmdBufDestroy
00000000000051d0 0000000000000004 T dkCmdBufAddMemory
00000000000051e0 0000000000000004 T dkCmdBufFinishList
00000000000051f0 0000000000000004 T dkCmdBufClear
0000000000005200 0000000000000098 T dk::detail::Queue::checkError()
00000000000052a0 0000000000000054 T dk::detail::Device::checkQueueErrors()
0000000000005300 0000000000000008 t (anonymous namespace)::defaultFreeFunc(void*, void*)
0000000000005310 0000000000000048 t (anonymous namespace)::defaultAllocFunc(void*, unsigned long, unsigned long, void**)
0000000000005360 00000000000000c4 T dk::detail::Device::initialize()
0000000000005430 0000000000000064 T dk::detail::Device::~Device()
0000000000005430 0000000000000064 T dk::detail::Device::~Device()
00000000000054a0 00000000000000a8 T dk::detail::Device::reserveQueueId()
0000000000005550 0000000000000060 T dk::detail::Device::returnQueueId(unsigned int)
00000000000055b0 0000000000000014 T dk::detail::Device::freeMem(void*) const
00000000000055d0 0000000000000030 T dkDeviceDestroy
0000000000005600 0000000000000018 T dk::detail::RaiseError(DkResult)
0000000000005620 0000000000000040 T dk::detail::Device::allocMem(unsigned long, unsigned long) const
0000000000005660 0000000000000014 T dk::detail::ObjBase::operator new(unsigned long, dk::detail::Device*)
0000000000005680 0000000000000148 T dkDeviceCreate
00000000000057d0 0000000000000008 T dk::detail::ObjBase::allocMem(unsigned long, unsigned long) const
00000000000057e0 0000000000000008 T dk::detail::ObjBase::freeMem(void*) const
00000000000057f0 0000000000000008 T dk::detail::ObjBase::operator delete(void*)
0000000000005800 00000000000001c0 T maxwell::pickImageMemoryKind(maxwell::FormatTraits const&, unsigned int, bool, bool)
00000000000059c0 00000000000008ec T dk::detail::Queue::setup3DEngine()
00000000000062b0 0000000000000348 T dkCmdBufBindRenderTargets
0000000000006600 0000000000000180 T dkCmdBufSetViewports
0000000000006780 00000000000002e8 T dkCmdBufSetScissors
0000000000006a70 0000000000000158 T dk::detail::Queue::decompressSurface(dk::detail::Image const*)
0000000000006bd0 00000000000000bc T dkCmdBufClearColor
0000000000006c90 0000000000000138 T dkCmdBufClearDepthStencil
0000000000006dd0 000000000000008c T dkCmdBufDraw
0000000000006e60 0000000000000110 T dkCmdBufBindVtxAttribState
0000000000006f70 0000000000000138 T dkCmdBufBindVtxBufferState
00000000000070b0 00000000000000fc T dkCmdBufBindVtxBuffers
00000000000071b0 0000000000000674 T dk::detail::Queue::setupEngines()
0000000000007830 0000000000000208 T dkCmdBufBarrier
0000000000007a40 000000000000013c T dk::detail::Queue::postSubmitFlush()
0000000000007b80 0000000000000030 T dk::detail::Queue::setupTransfer()
0000000000007bb0 00000000000001e8 T dkCmdBufBindRasterizerState
0000000000007da0 00000000000000e8 T dkCmdBufBindColorState
0000000000007e90 0000000000000074 T dkCmdBufBindColorWriteState
0000000000007f10 000000000000005c T dkCmdBufBindDepthStencilState
0000000000007f70 0000000000000068 T dk::detail::Device::calcZcullStorageInfo(dk::detail::ZcullStorageInfo&, unsigned int, unsigned int, unsigned int, DkImageFormat, DkMsMode)
0000000000007fe0 000000000000018c T sinf
0000000000008180 0000000000000034 t with_errnof
00000000000081c0 0000000000000020 t __math_invalidf
00000000000081e0 00000000000001b4 T cosf
00000000000083a0 00000000000000c8 T mutexLock
0000000000008470 0000000000000068 T mutexUnlock
00000000000084e0 000000000000001c T mutexIsLockedByCurrentThread
0000000000008500 0000000000000050 T rmutexLock
0000000000008550 0000000000000018 T rmutexUnlock
0000000000008570 0000000000000018 t _appletInfiniteSleepLoop
0000000000008590 0000000000000108 t _appletCmdGetSession
00000000000086a0 00000000000000cc t _appletCmdInU8NoOut
0000000000008770 00000000000000cc t _appletCmdInU32NoOut
0000000000008840 000000000000012c t _appletGetSessionProxy.constprop.0
0000000000008970 0000000000000148 t _appletOpenLibraryAppletProxy.constprop.0
0000000000008ac0 00000000000000f8 t _appletCmdGetEvent
0000000000008bc0 00000000000000d4 t _appletCmdNoInOutU8.isra.0
0000000000008ca0 00000000000000d4 t _appletCmdNoInOutU32.isra.0
0000000000008d80 00000000000000d4 t _appletCmdNoInOutU64.isra.0
0000000000008e60 00000000000000c0 t _appletCmdNoIO.isra.0
0000000000008f20 0000000000000010 T appletGetAppletType
0000000000008f30 00000000000001b8 T appletSetFocusHandlingMode
00000000000090f0 000000000000005c T appletSetCpuBoostMode
0000000000009150 000000000000002c T appletCreateManagedDisplayLayer
0000000000009180 000000000000000c T appletGetAppletResourceUserId
0000000000009190 0000000000000138 t _appletHolderCreateState
00000000000092d0 00000000000000b0 T appletHolderClose
0000000000009380 0000000000000024 T appletHolderGetLibraryAppletInfo
00000000000093b0 0000000000000090 T appletNotifyRunning
0000000000009440 0000000000000078 T appletSetGamePlayRecordingState
00000000000094c0 0000000000000ad4 t _appletCleanup
0000000000009fa0 0000000000000048 T appletExit
0000000000009ff0 0000000000000040 T appletGetLibraryAppletInfo
000000000000a030 0000000000000c14 T appletInitialize
000000000000ac50 0000000000000024 t _appletExitProcess
000000000000ac80 0000000000000074 T appletGetMessage
000000000000ad00 0000000000000264 T appletProcessMessage
000000000000af70 0000000000000034 T appletMainLoop
000000000000afb0 00000000000000d0 t _nvCleanup
000000000000b080 00000000000000d4 t _nvCmdInitialize.constprop.0
000000000000b160 0000000000000018 W __nx_nv_create_tmem
000000000000b180 00000000000003a8 T nvInitialize
000000000000b530 0000000000000048 T nvExit
000000000000b580 00000000000000f4 T nvConvertError
000000000000b680 0000000000000114 T nvOpen
000000000000b7a0 0000000000000310 T nvIoctl
000000000000bab0 00000000000003f4 T nvIoctl2
000000000000beb0 00000000000000d4 T nvClose
000000000000bf90 000000000000010c T nvQueryEvent
000000000000c0a0 00000000000000cc t _smCmifCmdInPid
000000000000c170 0000000000000078 t _smCleanup
000000000000c1f0 0000000000000048 T smAddOverrideHandle
000000000000c240 0000000000000054 T smGetServiceOverride
000000000000c2a0 00000000000001ac T smInitialize
000000000000c450 0000000000000048 T smExit
000000000000c4a0 00000000000000d0 T smGetServiceOriginal
000000000000c570 0000000000000120 T smGetServiceWrapper
000000000000c690 0000000000000054 T nvAddressSpaceClose
000000000000c6f0 0000000000000088 T nvAddressSpaceCreate
000000000000c780 0000000000000020 T nvAddressSpaceAlloc
000000000000c7a0 0000000000000028 T nvAddressSpaceFree
000000000000c7d0 0000000000000040 T nvAddressSpaceMap
000000000000c810 0000000000000064 T nvAddressSpaceMapFixed
000000000000c880 0000000000000070 T nvAddressSpaceModify
000000000000c8f0 0000000000000008 T nvAddressSpaceUnmap
000000000000c900 0000000000000074 t _nvFenceCleanup
000000000000c980 0000000000000098 T nvFenceInit
000000000000ca20 0000000000000048 T nvFenceExit
000000000000ca70 0000000000000290 T nvFenceWait
000000000000cd00 000000000000007c T nvMultiFenceWait
000000000000cd80 0000000000000138 T nvGpuInit
000000000000cec0 0000000000000074 T nvGpuExit
000000000000cf40 000000000000000c T nvGpuGetCharacteristics
000000000000cf50 000000000000000c T nvGpuGetZcullCtxSize
000000000000cf60 000000000000000c T nvGpuGetZcullInfo
000000000000cf70 0000000000000054 T nvGpuChannelClose
000000000000cfd0 000000000000010c T nvGpuChannelCreate
000000000000d0e0 000000000000000c T nvGpuChannelZcullBind
000000000000d0f0 00000000000000cc T nvGpuChannelKickoff
000000000000d1c0 00000000000000a0 T nvGpuChannelAppendEntry
000000000000d260 0000000000000044 T nvGpuChannelGetErrorNotification
000000000000d2b0 0000000000000008 T nvGpuChannelGetErrorInfo
000000000000d2c0 00000000000000ac T nvMapInit
000000000000d370 0000000000000074 T nvMapExit
000000000000d3f0 000000000000000c T nvMapGetFd
000000000000d400 000000000000008c T nvMapClose
000000000000d490 0000000000000160 T nvMapCreate
000000000000d5f0 0000000000000024 T nvioctlChannel_SetNvmapFd
000000000000d620 00000000000000c4 T nvioctlChannel_SubmitGpfifo
000000000000d6f0 0000000000000050 T nvioctlChannel_KickoffPb
000000000000d740 0000000000000050 T nvioctlChannel_AllocObjCtx
000000000000d790 0000000000000028 T nvioctlChannel_ZCullBind
000000000000d7c0 000000000000002c T nvioctlChannel_SetErrorNotifier
000000000000d7f0 0000000000000010 T nvioctlChannel_GetErrorInfo
000000000000d800 0000000000000010 T nvioctlChannel_GetErrorNotification
000000000000d810 0000000000000024 T nvioctlChannel_SetPriority
000000000000d840 0000000000000054 T nvioctlChannel_AllocGpfifoEx2
000000000000d8a0 0000000000000024 T nvioctlNvhostAsGpu_BindChannel
000000000000d8d0 000000000000004c T nvioctlNvhostAsGpu_AllocSpace
000000000000d920 0000000000000028 T nvioctlNvhostAsGpu_FreeSpace
000000000000d950 000000000000004c T nvioctlNvhostAsGpu_MapBufferEx
000000000000d9a0 0000000000000024 T nvioctlNvhostAsGpu_UnmapBuffer
000000000000d9d0 000000000000003c T nvioctlNvhostAsGpu_InitializeEx
000000000000da10 0000000000000024 T nvioctlNvhostCtrl_EventSignal
000000000000da40 000000000000003c T nvioctlNvhostCtrl_EventWait
000000000000da80 0000000000000028 T nvioctlNvhostCtrl_EventWaitAsync
000000000000dab0 0000000000000024 T nvioctlNvhostCtrl_EventRegister
000000000000dae0 0000000000000024 T nvioctlNvhostCtrl_EventUnregister
000000000000db10 000000000000003c T nvioctlNvhostCtrlGpu_ZCullGetCtxSize
000000000000db50 0000000000000054 T nvioctlNvhostCtrlGpu_ZCullGetInfo
000000000000dbb0 000000000000008c T nvioctlNvhostCtrlGpu_GetCharacteristics
000000000000dc40 0000000000000078 T nvioctlNvhostCtrlGpu_GetTpcMasks
000000000000dcc0 000000000000003c T nvioctlNvmap_Create
000000000000dd00 0000000000000030 T nvioctlNvmap_Alloc
000000000000dd30 0000000000000030 T nvioctlNvmap_Free
000000000000dd60 000000000000003c T nvioctlNvmap_GetId
000000000000dda0 000000000000000c T nwindowGetDefault
000000000000ddb0 00000000000000a4 T __nx_win_init
000000000000de60 0000000000000034 T __nx_win_exit
000000000000dea0 0000000000000024 T nwindowIsValid
000000000000ded0 000000000000007c T nwindowClose
000000000000df50 00000000000000f8 T nwindowCreate
000000000000e050 0000000000000038 T nwindowCreateFromLayer
000000000000e090 0000000000000084 T nwindowSetDimensions
000000000000e120 000000000000004c T nwindowSetTransform
000000000000e170 0000000000000180 T nwindowConfigureBuffer
000000000000e2f0 00000000000001cc T nwindowDequeueBuffer
000000000000e4c0 000000000000012c T nwindowQueueBuffer
000000000000e5f0 00000000000000bc T nwindowReleaseBuffers
000000000000e6b0 000000000000001c W diagAbortWithResult
000000000000e6d0 0000000000000208 T envSetup
000000000000e8e0 0000000000000020 T envGetMainThreadHandle
000000000000e900 000000000000000c T envIsNso
000000000000e910 0000000000000014 T envHasHeapOverride
000000000000e930 000000000000000c T envGetHeapOverrideAddr
000000000000e940 000000000000000c T envGetHeapOverrideSize
000000000000e950 0000000000000014 T envHasArgv
000000000000e970 000000000000000c T envGetArgv
000000000000e980 000000000000000c T envGetExitFuncPtr
000000000000e990 000000000000000c T envSetExitFuncPtr
000000000000e9a0 000000000000000c T envHasRandomSeed
000000000000e9b0 0000000000000010 T envGetRandomSeed
000000000000e9c0 0000000000000014 T hosversionGet
000000000000e9e0 0000000000000010 T hosversionSet
000000000000e9f0 000000000000009c T padConfigureInput
000000000000ea90 0000000000000024 T padInitializeWithMask
000000000000eac0 000000000000029c T padUpdate
000000000000ed60 0000000000000008 t romfs_close
000000000000ed70 0000000000000088 t romfs_seek
000000000000ee00 000000000000001c t romfs_dirreset
000000000000ee20 0000000000000100 t fillDir
000000000000ef20 00000000000002b0 t romfs_dirnext
000000000000f1d0 0000000000000150 t searchForDir
000000000000f320 0000000000000150 t searchForFile
000000000000f470 0000000000000150 t _romfs_read_safe
000000000000f5c0 00000000000000b8 t _romfs_read
000000000000f680 0000000000000080 t romfs_read
000000000000f700 00000000000000b4 t romfs_free
000000000000f7c0 00000000000001f4 t navigateToDir.constprop.0
000000000000f9c0 0000000000000108 t romfs_open
000000000000fad0 00000000000001a0 t romfs_stat
000000000000fc70 0000000000000054 t romfs_chdir
000000000000fcd0 0000000000000084 t romfs_diropen
000000000000fd60 0000000000000008 t romfs_dirclose
000000000000fd70 0000000000000188 t romfsFindMount
000000000000ff00 0000000000000070 t romfs_fstat
000000000000ff70 00000000000001b0 t romfsMountCommon
0000000000010120 0000000000000068 T romfsMountFromFile
0000000000010190 000000000000006c T romfsMountFromStorage
0000000000010200 0000000000000038 T romfsMountFromCurrentProcess
0000000000010240 0000000000000188 T romfsMountSelf
00000000000103d0 00000000000000a8 T romfsUnmount
0000000000010478 T armDCacheFlush
00000000000104a8 t armDCacheFlush_L0
00000000000104c4 T svcSetHeapSize
00000000000104d8 T svcSetMemoryPermission
00000000000104e0 T svcSetMemoryAttribute
00000000000104e8 T svcUnmapMemory
00000000000104f0 T svcQueryMemory
0000000000010504 T svcExitProcess
000000000001050c T svcSleepThread
0000000000010514 T svcMapSharedMemory
000000000001051c T svcUnmapSharedMemory
0000000000010524 T svcCreateTransferMemory
0000000000010538 T svcCloseHandle
0000000000010540 T svcResetSignal
0000000000010548 T svcWaitSynchronization
000000000001055c T svcArbitrateLock
0000000000010564 T svcArbitrateUnlock
000000000001056c T svcWaitProcessWideKeyAtomic
0000000000010574 T svcSignalProcessWideKey
000000000001057c T svcConnectToNamedPort
0000000000010590 T svcSendSyncRequest
0000000000010598 T svcBreak
00000000000105a0 T svcReturnFromException
00000000000105a8 T svcGetInfo
00000000000105bc T svcUnmapTransferMemory
00000000000105c4 T __aarch64_read_tp
00000000000105d0 000000000000000c T eventLoadRemote
00000000000105e0 0000000000000034 T eventWait
0000000000010620 0000000000000054 T eventClose
0000000000010680 00000000000000a8 T tmemCreate
0000000000010730 0000000000000034 T tmemUnmap
0000000000010770 0000000000000030 T tmemCloseHandle
00000000000107a0 000000000000009c T tmemWaitForPermission
0000000000010840 0000000000000050 T tmemClose
0000000000010890 0000000000000064 t _memregionInitWithInfo
0000000000010900 0000000000000004 W __libnx_virtmem_rng
0000000000010910 0000000000000164 t _memregionFindRandom
0000000000010a80 0000000000000140 T virtmemSetup
0000000000010bc0 000000000000000c T virtmemLock
0000000000010bd0 000000000000000c T virtmemUnlock
0000000000010be0 0000000000000050 T virtmemFindAslr
0000000000010c30 000000000000057c T waitObjects
00000000000111b0 00000000000000d4 t _apmCleanup
0000000000011290 0000000000000194 T apmInitialize
0000000000011430 0000000000000048 T apmExit
0000000000011480 00000000000000c8 T apmSetPerformanceConfiguration
0000000000011550 00000000000000b4 t _fsCleanup
0000000000011610 00000000000001c0 t _fsCmdNoIO
00000000000117d0 00000000000001e0 t _fsFsCmdWithInPath
00000000000119b0 00000000000001f8 t _fsFsCmdWithTwoInPaths
0000000000011bb0 000000000000028c t _fsFsOpenCommon
0000000000011e40 00000000000001fc t _fsFsCmdWithInPathAndOutU64
0000000000012040 00000000000000f8 t _fsObjectClose
0000000000012140 000000000000017c t _fsCmdGetSession.constprop.0
00000000000122c0 00000000000002f8 T fsInitialize
00000000000125c0 0000000000000048 T fsExit
0000000000012610 0000000000000008 T fsOpenSdCardFileSystem
0000000000012620 0000000000000008 T fsOpenDataStorageByCurrentProcess
0000000000012630 00000000000001ec T fsFsCreateFile
0000000000012820 0000000000000008 T fsFsDeleteFile
0000000000012830 0000000000000008 T fsFsCreateDirectory
0000000000012840 0000000000000008 T fsFsDeleteDirectory
0000000000012850 0000000000000008 T fsFsRenameFile
0000000000012860 0000000000000008 T fsFsRenameDirectory
0000000000012870 00000000000001f0 T fsFsGetEntryType
0000000000012a60 0000000000000008 T fsFsOpenFile
0000000000012a70 0000000000000008 T fsFsOpenDirectory
0000000000012a80 0000000000000008 T fsFsGetFreeSpace
0000000000012a90 0000000000000008 T fsFsGetTotalSpace
0000000000012aa0 0000000000000230 T fsFsGetFileTimeStampRaw
0000000000012cd0 0000000000000004 T fsFsClose
0000000000012ce0 0000000000000214 T fsFileRead
0000000000012f00 00000000000001f8 T fsFileWrite
0000000000013100 0000000000000008 T fsFileFlush
0000000000013110 00000000000001c0 T fsFileSetSize
0000000000013110 00000000000001c0 t fsFileSetSize.localalias
00000000000132d0 00000000000001d4 T fsFileGetSize
00000000000132d0 00000000000001d4 t fsFileGetSize.localalias
00000000000134b0 0000000000000004 T fsFileClose
00000000000134c0 0000000000000004 T fsDirClose
00000000000134d0 0000000000000204 T fsDirRead
00000000000136e0 00000000000001e8 T fsStorageRead
00000000000138d0 0000000000000004 T fsStorageClose
00000000000138e0 000000000000012c t _hidCleanup
0000000000013a10 00000000000000d4 t _hidCmdInAruidNoOut
0000000000013af0 00000000000000e0 t _hidCmdInU32AruidNoOut
0000000000013bd0 0000000000000194 t _hidGetStates
0000000000013d70 000000000000026c T hidInitialize
0000000000013fe0 0000000000000048 T hidExit
0000000000014030 000000000000000c T hidGetSharedmemAddr
0000000000014040 0000000000000090 T hidGetNpadStyleSet
00000000000140d0 0000000000000084 T hidInitializeNpad
0000000000014160 00000000000000a4 T hidGetNpadStatesFullKey
0000000000014210 00000000000000a4 T hidGetNpadStatesHandheld
00000000000142c0 00000000000000a4 T hidGetNpadStatesJoyDual
0000000000014370 00000000000000a4 T hidGetNpadStatesJoyLeft
0000000000014420 00000000000000a4 T hidGetNpadStatesJoyRight
00000000000144d0 0000000000000144 T hidGetNpadStatesGc
0000000000014620 00000000000000a8 T hidGetNpadStatesSystemExt
00000000000146d0 0000000000000008 T hidSetSupportedNpadStyleSet
00000000000146e0 0000000000000100 T hidSetSupportedNpadIdType
00000000000147e0 0000000000000230 t _viCleanup
0000000000014a10 0000000000000100 t _viCmdGetSessionNoParams.constprop.0
0000000000014b10 0000000000000368 T viInitialize
0000000000014e80 0000000000000048 T viExit
0000000000014ed0 000000000000000c T viGetSession_IHOSBinderDriverRelay
0000000000014ee0 000000000000010c T viOpenDisplay
0000000000014ff0 00000000000000ec T viCloseDisplay
00000000000150e0 00000000000000f4 T viCloseLayer
00000000000151e0 0000000000000394 T viCreateLayer
0000000000015580 00000000000000d8 T viSetLayerScalingMode
0000000000015660 000000000000004c T nvChannelClose
00000000000156b0 0000000000000070 T nvChannelCreate
0000000000015720 0000000000000008 T nvChannelSetPriority
0000000000015730 000000000000001c T binderCreate
0000000000015750 000000000000035c T binderTransactParcel
0000000000015ab0 00000000000000e8 T binderConvertErrorCode
0000000000015ba0 0000000000000124 T binderAdjustRefcount
0000000000015cd0 000000000000009c T binderInitSession
0000000000015d70 000000000000005c T binderClose
0000000000015dd0 0000000000000154 T binderGetNativeHandle
0000000000015f30 00000000000000c8 T bqRequestBuffer
0000000000016000 0000000000000128 T bqDequeueBuffer
0000000000016130 00000000000000c8 T bqQueueBuffer
0000000000016200 0000000000000084 T bqCancelBuffer
0000000000016290 00000000000000d0 T bqConnect
0000000000016360 0000000000000088 T bqDisconnect
00000000000163f0 0000000000000194 T bqSetPreallocatedBuffer
0000000000016590 0000000000000030 T parcelCreate
00000000000165c0 0000000000000174 T parcelTransact
0000000000016740 0000000000000080 T parcelWriteData
00000000000167c0 0000000000000088 T parcelReadData
0000000000016850 0000000000000020 T parcelWriteInt32
0000000000016870 0000000000000020 T parcelWriteUInt32
0000000000016890 000000000000007c T parcelWriteString16
0000000000016910 0000000000000030 T parcelWriteInterfaceToken
0000000000016940 0000000000000024 T parcelReadInt32
0000000000016970 0000000000000068 T parcelReadFlattenedObject
00000000000169e0 0000000000000044 T parcelWriteFlattenedObject
0000000000016a30 0000000000000004 W __libnx_alloc
0000000000016a40 0000000000000014 W __libnx_aligned_alloc
0000000000016a60 0000000000000004 W __libnx_free
0000000000016a70 0000000000000314 W argvSetup
0000000000016d90 00000000000001fc T __nx_dynamic
0000000000016f90 00000000000000d0 W __libnx_initheap
0000000000017060 00000000000000ec W __appInit
0000000000017150 0000000000000044 W __appExit
00000000000171a0 000000000000002c W __libnx_init
00000000000171d0 000000000000001c W __libnx_exit
00000000000171f0 000000000000001c T __syscall_exit
0000000000017210 0000000000000034 T __syscall_getreent
0000000000017250 0000000000000004 T __syscall_lock_acquire
0000000000017260 0000000000000004 T __syscall_lock_release
0000000000017270 0000000000000004 T __syscall_lock_acquire_recursive
0000000000017280 0000000000000004 T __syscall_lock_release_recursive
0000000000017290 000000000000025c T __libnx_init_time
00000000000174f0 0000000000000088 T __syscall_gettod_r
0000000000017580 0000000000000098 T newlibSetup
0000000000017620 00000000000000e8 T nxlinkSetup
0000000000017710 0000000000000010 t fsdev_link
0000000000017720 0000000000000010 t fsdev_dirreset
0000000000017730 0000000000000010 t fsdev_chmod
0000000000017740 0000000000000018 t error_cmp
0000000000017760 0000000000000020 t fsdev_dirclose
0000000000017780 000000000000001c t fsdev_close
00000000000177a0 0000000000000074 t fsdev_converttimetoutc
0000000000017820 00000000000000f8 t fsdevFindDevice.part.0
0000000000017920 00000000000001cc t fsdev_fixpath
0000000000017af0 000000000000009c t _fsdevUnmountDeviceStruct.part.0
0000000000017b90 0000000000000010 t fsdev_fchmod
0000000000017ba0 0000000000000100 t fsdev_diropen
0000000000017ca0 00000000000000f8 t fsdev_statvfs
0000000000017da0 000000000000007c t fsdev_fsync
0000000000017e20 00000000000000ec t fsdev_fstat
0000000000017f10 0000000000000094 t fsdev_ftruncate
0000000000017fb0 00000000000001d8 t fsdev_stat
0000000000018190 000000000000014c t fsdev_rename
00000000000182e0 000000000000013c t fsdev_chdir
0000000000018420 00000000000000a4 t fsdev_rmdir
00000000000184d0 00000000000000a4 t fsdev_mkdir
0000000000018580 00000000000000a4 t fsdev_unlink
0000000000018630 000000000000013c t fsdev_write_safe
0000000000018770 0000000000000134 t fsdev_read_safe
00000000000188b0 0000000000000100 t fsdev_read
00000000000189b0 00000000000001d4 t fsdev_dirnext
0000000000018b90 0000000000000124 t fsdev_write
0000000000018cc0 0000000000000110 t fsdev_seek
0000000000018dd0 0000000000000230 t fsdev_open
0000000000019000 0000000000000324 T fsdevMountDevice
0000000000019330 0000000000000040 T fsdevMountSdmc
0000000000019370 00000000000000bc T __libnx_init_cwd
0000000000019430 0000000000000064 T fsdevUnmountAll
00000000000194a0 0000000000000084 T fsdevTranslatePath
0000000000019530 0000000000000128 T decode_utf8
0000000000019658 W __libnx_exception_entry
00000000000196e4 t __libnx_exception_entry_start
000000000001980c t __libnx_exception_entry_abort
0000000000019810 t __libnx_exception_entry_end
0000000000019818 T __libnx_exception_returnentry
0000000000019830 0000000000000070 T condvarWaitTimeout
00000000000198a0 0000000000000410 T randomGet
0000000000019cb0 0000000000000020 T randomGet64
0000000000019cd0 0000000000000014 T shmemLoadRemote
0000000000019cf0 0000000000000070 T shmemMap
0000000000019d60 0000000000000034 T shmemUnmap
0000000000019da0 000000000000004c T shmemClose
0000000000019df0 00000000000000b0 T __libnx_init_thread
0000000000019ea0 0000000000000184 T sessionmgrCreate
000000000001a030 0000000000000084 T sessionmgrClose
000000000001a0c0 00000000000000a8 T sessionmgrAttachClient
000000000001a170 0000000000000060 T sessionmgrDetachClient
000000000001a1d0 00000000000000d0 t _setsysGetFirmwareVersionImpl
000000000001a2a0 0000000000000078 t _setsysCleanup
000000000001a320 00000000000000a0 T setsysInitialize
000000000001a3c0 0000000000000048 T setsysExit
000000000001a410 0000000000000048 T setsysGetFirmwareVersion
000000000001a460 000000000000027c t _timeCleanup
000000000001a6e0 0000000000000100 t _timeCmdGetSession.constprop.0
000000000001a7e0 0000000000000104 t _timeReadClockFromSharedMem
000000000001a8f0 0000000000000300 T timeInitialize
000000000001abf0 0000000000000048 T timeExit
000000000001ac40 0000000000000038 T timeGetServiceSession_SystemClock
000000000001ac80 00000000000000fc T timeGetCurrentTime
000000000001ad80 0000000000000108 T timeToCalendarTimeWithMyRule
000000000001ae90 0000000000000114 T timeToPosixTimeWithMyRule
000000000001afc0 00000000000000c4 T strncat
000000000001b0a0 0000000000000004 T _ftell_r
000000000001b0c0 000000000000001c T ftell
000000000001b100 00000000000000cc T strchr
000000000001b1e0 0000000000000330 T _fread_r
000000000001b520 0000000000000034 T fread
000000000001b580 00000000000000b8 T strnlen
000000000001b640 00000000000000b4 T bsearch
000000000001b700 000000000000022c T memcpy
000000000001b700 T memmove
000000000001b940 0000000000000120 T _fopen_r
000000000001ba60 000000000000002c T fopen
000000000001baa0 0000000000000028 T gmtime
000000000001bb00 0000000000000104 T memset
000000000001bc20 00000000000001a4 t _strtoul_l.isra.0
000000000001bde0 0000000000000040 T strtoul
000000000001be20 000000000000002c T aligned_alloc
000000000001be60 000000000000018c T _memalign_r
000000000001c000 0000000000000014 T __errno
000000000001c020 00000000000000b0 T __swhatbuf_r
000000000001c0e0 00000000000000e8 T __smakebuf_r
000000000001c200 0000000000000130 T strlen
000000000001c340 00000000000001b4 T strncmp
000000000001c500 0000000000000168 T _ftello_r
000000000001c680 0000000000000840 T _malloc_r
000000000001cec0 00000000000001c8 T memcmp
000000000001d0a0 000000000000011c T _malloc_trim_r
000000000001d1c0 00000000000002d8 T _free_r
000000000001d4a0 000000000000001c t stdio_exit_handler
000000000001d4c0 000000000000006c t cleanup_stdio
000000000001d540 0000000000000128 t global_stdio_init.part.0
000000000001d680 000000000000000c T __sfp_lock_acquire
000000000001d6a0 000000000000000c T __sfp_lock_release
000000000001d6c0 0000000000000130 T __sfp
000000000001d800 0000000000000054 T __sinit
000000000001d860 00000000000000a4 T __libc_init_array
000000000001d920 00000000000000ac T strncpy
000000000001d9e0 0000000000000004 T _fseek_r
000000000001da00 0000000000000034 T fseek
000000000001da40 0000000000000038 T malloc
000000000001da80 000000000000001c T free
000000000001daa0 000000000000004c T __sread
000000000001db00 0000000000000070 T __swrite
000000000001db80 0000000000000050 T __sseek
000000000001dbe0 0000000000000008 T __sclose
000000000001dc00 000000000000000c T __malloc_lock
000000000001dc20 000000000000000c T __malloc_unlock
000000000001dc40 00000000000004c0 T _fseeko_r
000000000001e100 0000000000000130 T _fclose_r
000000000001e240 000000000000001c T fclose
000000000001e260 0000000000000048 T time
000000000001e2c0 0000000000000034 T setenv
000000000001e300 0000000000000004 W __call_exitprocs
000000000001e320 00000000000000b8 T __sflags
000000000001e400 0000000000000134 T strcmp
000000000001e540 0000000000000044 T __libc_fini_array
000000000001e5a0 00000000000002a0 T gmtime_r
000000000001e840 0000000000000034 T _rewind_r
000000000001e880 000000000000001c T rewind
000000000001e8a0 0000000000000038 t lflush
000000000001e8e0 0000000000000190 T __srefill_r
000000000001ea80 0000000000000258 T _setenv_r
000000000001ece0 0000000000000098 T _fwalk_sglue
000000000001ed80 00000000000001ec T __sflush_r
000000000001ef80 00000000000000bc T _fflush_r
000000000001f040 00000000000000f4 T _findenv_r
000000000001f140 0000000000000568 T _realloc_r
000000000001f6c0 000000000000000c T __env_lock
000000000001f6e0 000000000000000c T __env_unlock
000000000001f700 0000000000000020 T _exit
000000000001f720 000000000000016c T chdir
000000000001f8a0 0000000000000218 T _concatenate_path
000000000001fac0 000000000000009c T _fstat_r
000000000001fb60 0000000000000020 T __getreent
000000000001fb80 0000000000000024 T _gettimeofday_r
000000000001fbc0 00000000000000a0 T __release_handle
000000000001fc60 0000000000000130 T __alloc_handle
000000000001fda0 0000000000000060 T __get_handle
000000000001fe00 00000000000000f4 T _close_r
000000000001ff00 0000000000000008 t null_write
000000000001ff20 0000000000000018 T setDefaultDevice
000000000001ff40 00000000000000b8 T FindDevice
0000000000020000 000000000000002c T RemoveDevice
0000000000020040 00000000000000a4 T AddDevice
0000000000020100 0000000000000034 T GetDeviceOpTab
0000000000020140 0000000000000008 T _isatty_r
0000000000020160 00000000000000a0 T _lseek_r
0000000000020200 00000000000000f0 T _open_r
0000000000020300 00000000000000b0 T _read_r
00000000000203c0 0000000000000078 W _sbrk_r
0000000000020440 0000000000000014 T __libc_lock_acquire
0000000000020460 0000000000000014 T __libc_lock_release
0000000000020480 0000000000000014 T __libc_lock_acquire_recursive
00000000000204a0 0000000000000014 T __libc_lock_release_recursive
00000000000204c0 00000000000000b0 T _write_r
0000000000020580 0000000000000104 T strrchr
0000000000020688 T _init
00000000000206c0 T _fini
0000000000021100 00000000000000d8 r colors
0000000000021300 0000000000000400 r p
0000000000021700 0000000000000090 r (anonymous namespace)::formatTable
0000000000021790 0000000000000014 r CSWTCH.6
00000000000217a8 000000000000000c r CSWTCH.7
00000000000217b8 000000000000000c r CSWTCH.6
00000000000217c8 0000000000000a28 R maxwell::formatTraits
00000000000221f0 000000000000000c r CSWTCH.43
0000000000022290 0000000000000004 r dkCmdBufBindRasterizerState::frontFaces
0000000000022298 0000000000000006 r dkCmdBufBindRasterizerState::cullModes
00000000000222a0 0000000000000008 r dkCmdBufBindRasterizerState::polygonModes
00000000000222b0 0000000000000060 R __inv_pio4
0000000000022310 00000000000000e0 R __sincosf_table
00000000000223f0 0000000000000014 r CSWTCH.1000
0000000000022418 0000000000000024 r s_emptyFence.0
00000000000224a0 0000000000000023 r g_bq_InterfaceDescriptor
00000000000224c8 0000000000000020 r error_table
00000000000224e8 0000000000000101 R _ctype_
00000000000225f0 r __tls_align
00000000000225f8 r __EH_FRAME_BEGIN__
00000000000225f8 r __eh_frame_hdr_end
00000000000225f8 r __eh_frame_hdr_start
00000000000286d4 r __FRAME_END__
0000000000029000 d __frame_dummy_init_array_entry
0000000000029000 d __init_array_start
0000000000029000 d __preinit_array_end
0000000000029000 d __preinit_array_start
0000000000029000 d __relro_start
0000000000029008 d __do_global_dtors_aux_fini_array_entry
0000000000029008 d __fini_array_start
0000000000029008 d __init_array_end
0000000000029010 d __fini_array_end
0000000000029010 0000000000000100 d romFS_devoptab
0000000000029110 0000000000000100 d fsdev_devoptab
0000000000029210 0000000000000100 D dotab_stdnull
0000000000029310 a _DYNAMIC
0000000000029460 d __got_start__
0000000000029460 a _GLOBAL_OFFSET_TABLE_
00000000000296d0 d __got_end__
000000000002a000 d __data_start
000000000002a000 0000000000000008 V __nx_applet_init_timeout
000000000002a008 0000000000000001 V __nx_applet_auto_notifyrunning
000000000002a00c 0000000000000004 V __nx_applet_type
000000000002a010 0000000000000004 V __nx_nv_transfermem_size
000000000002a014 0000000000000004 V __nx_nv_service_type
000000000002a018 0000000000000004 d g_ctrl_fd
000000000002a01c 0000000000000004 d g_ctrlgpu_fd
000000000002a020 0000000000000004 d g_nvmap_fd
000000000002a024 0000000000000004 V __nx_fs_num_sessions
000000000002a028 0000000000000004 d g_viServiceType
000000000002a02c 0000000000000004 V __nx_vi_stray_layer_flags
000000000002a030 0000000000000008 V __nx_exception_stack_size
000000000002a038 0000000000000001 V __nx_fsdev_support_cwd
000000000002a03c 0000000000000004 V __nx_fsdev_direntry_cache_size
000000000002a040 0000000000000008 D _impure_ptr
000000000002a048 0000000000000240 D _impure_data
000000000002a288 0000000000000008 D __malloc_sbrk_base
000000000002a290 0000000000000008 D __malloc_trim_threshold
000000000002a298 0000000000000810 D __malloc_av_
000000000002aaa8 0000000000000018 D __sglue
000000000002aac0 0000000000000008 D environ
000000000002aad0 0000000000000400 d _current_working_directory
000000000002aee0 0000000000002000 d handles
000000000002cee0 0000000000000010 d __stderr_handle
000000000002cef0 0000000000000010 d __stdout_handle
000000000002cf00 0000000000000010 d __stdin_handle
000000000002cf10 0000000000000118 D devoptab_list
000000000002d028 0000000000000004 d defaultDevice
000000000002d030 b __bss_start__
000000000002d030 d __tdata_lma
000000000002d030 d __tdata_lma_end
000000000002d030 b completed.1
000000000002d038 b object.0
000000000002d070 0000000000000004 b done.0
000000000002d080 0000000000000800 b perm
000000000002d880 0000000000000004 b (anonymous namespace)::programId
000000000002d888 0000000000000008 b g_appletGuard
000000000002d890 0000000000000001 b g_appletInfoInitialized
000000000002d898 0000000000000050 b g_appletInfo
000000000002d8e8 0000000000000004 b g_appletCpuBoostMode
000000000002d8f0 000000000000000c b g_appletLibraryAppletLaunchableEvent
000000000002d8fc 0000000000000001 b g_appletSuspendedTickInitialized
000000000002d900 0000000000000008 b g_appletSuspendedTick
000000000002d908 0000000000000008 b g_appletInitTickBase
000000000002d910 000000000000000c b g_appletSuspendedTickEvent
000000000002d91c 0000000000000001 b g_appletCopyrightInitialized
000000000002d920 0000000000000028 b g_appletCopyrightTmem
000000000002d948 0000000000000004 b g_appletRecordingInitialized
000000000002d950 0000000000000028 b g_appletRecordingTmem
000000000002d978 0000000000000018 b g_appletFirstHook
000000000002d990 0000000000000001 b g_appletNotifiedRunning
000000000002d991 0000000000000001 b g_appletFocusState
000000000002d994 0000000000000004 b g_appletPerformanceMode
000000000002d998 0000000000000001 b g_appletOperationMode
000000000002d9a0 0000000000000008 b g_appletResourceUserId
000000000002d9a8 000000000000000c b g_appletMessageEvent
000000000002d9b8 0000000000000010 b g_appletIDebugFunctions
000000000002d9c8 0000000000000010 b g_appletIDisplayController
000000000002d9d8 0000000000000010 b g_appletIAudioController
000000000002d9e8 0000000000000010 b g_appletIWindowController
000000000002d9f8 0000000000000010 b g_appletISelfController
000000000002da08 0000000000000010 b g_appletICommonStateGetter
000000000002da18 0000000000000010 b g_appletILibraryAppletCreator
000000000002da28 0000000000000010 b g_appletIProcessWindingController
000000000002da38 0000000000000010 b g_appletILibraryAppletSelfAccessor
000000000002da48 0000000000000010 b g_appletIApplicationCreator
000000000002da58 0000000000000010 b g_appletIGlobalStateController
000000000002da68 0000000000000010 b g_appletIFunctions
000000000002da78 0000000000000010 b g_appletIAppletCommonFunctions
000000000002da88 0000000000000004 b g_appletExitProcessResult
000000000002da8c 0000000000000001 b g_appletExitProcessFlag
000000000002da8d 0000000000000001 b g_appletLeftInitialized
000000000002da90 0000000000000010 b g_appletProxySession
000000000002daa0 0000000000000010 b g_appletSrv
000000000002dab0 0000000000000004 V __nx_applet_exit_mode
000000000002dab8 0000000000000008 V __nx_applet_PerformanceConfiguration
000000000002dac0 0000000000000080 V __nx_applet_AppletAttribute
000000000002db40 0000000000000008 b g_nvGuard
000000000002db48 0000000000000028 b g_nvTransfermem
000000000002db70 0000000000000010 b g_nvSrvClone
000000000002db80 0000000000000010 b g_nvSrv
000000000002db90 0000000000000008 b g_smGuard
000000000002db98 0000000000000008 b g_smOverridesNum
000000000002dba0 0000000000000180 b g_smOverrides
000000000002dd20 0000000000000010 b g_smSrv
000000000002dd30 0000000000000008 b g_nvFenceGuard
000000000002dd38 0000000000000300 b g_NvEvents
000000000002e038 0000000000000008 b g_NvEventUsedMask
000000000002e040 0000000000000008 b g_nvGpuGuard
000000000002e048 0000000000000004 b g_tpc_masks
000000000002e050 0000000000000028 b g_zcull_info
000000000002e078 0000000000000004 b g_zcull_ctx_size
000000000002e080 00000000000000a0 b g_gpu_characteristics
000000000002e120 0000000000000008 b g_nvMapGuard
000000000002e128 0000000000000080 b g_defaultWin
000000000002e1a8 0000000000000010 b g_viLayer
000000000002e1b8 0000000000000050 b g_viDisplay
000000000002e208 0000000000000008 b g_userIdStorage
000000000002e210 0000000000000010 b g_randomSeed
000000000002e220 0000000000000001 b g_hasRandomSeed
000000000002e224 0000000000000004 b g_lastLoadResult
000000000002e228 0000000000000008 b g_nextLoadArgv
000000000002e230 0000000000000008 b g_nextLoadPath
000000000002e238 0000000000000004 b g_processHandle
000000000002e240 0000000000000018 b g_syscallHints
000000000002e258 0000000000000008 b g_overrideArgv
000000000002e260 0000000000000008 b g_overrideHeapSize
000000000002e268 0000000000000008 b g_overrideHeapAddr
000000000002e270 0000000000000008 b g_loaderRetAddr
000000000002e278 0000000000000004 b g_mainThreadHandle
000000000002e280 0000000000000008 b g_loaderInfoSize
000000000002e288 0000000000000008 b g_loaderInfo
000000000002e290 0000000000000001 b g_isNso
000000000002e294 0000000000000004 b g_hosVersion
000000000002e298 0000000000000008 V __romfs_path
000000000002e2a0 0000000000003b00 b romfs_mounts
0000000000031da0 0000000000000001 b romfs_initialised
0000000000031da8 B __stack_top
0000000000031db0 0000000000000001 b g_IsLegacyKernel
0000000000031db8 0000000000000008 b g_Reservations
0000000000031dc0 0000000000000010 b g_StackRegion
0000000000031dd0 0000000000000010 b g_AslrRegion
0000000000031de0 0000000000000010 b g_HeapRegion
0000000000031df0 0000000000000010 b g_AliasRegion
0000000000031e00 0000000000000004 b g_VirtmemMutex
0000000000031e08 0000000000000008 b g_apmGuard
0000000000031e10 0000000000000010 b g_apmISession
0000000000031e20 0000000000000010 b g_apmSrv
0000000000031e30 0000000000000008 b g_fsGuard
0000000000031e40 0000000000000054 b g_fsSessionMgr
0000000000031e98 0000000000000010 b g_fsSrv
0000000000031ea8 0000000000000008 b g_hidGuard
0000000000031eb0 0000000000000008 b g_sevenSixAxisSensorBuffer
0000000000031eb8 0000000000000020 b g_hidSharedmem
0000000000031ed8 0000000000000010 b g_hidIActiveVibrationDeviceList
0000000000031ee8 0000000000000010 b g_hidIAppletResource
0000000000031ef8 0000000000000010 b g_hidSrv
0000000000031f08 0000000000000008 b g_viGuard
0000000000031f10 0000000000000010 b g_viIHOSBinderDriverIndirect
0000000000031f20 0000000000000010 b g_viIManagerDisplayService
0000000000031f30 0000000000000010 b g_viISystemDisplayService
0000000000031f40 0000000000000010 b g_viIHOSBinderDriverRelay
0000000000031f50 0000000000000010 b g_viIApplicationDisplayService
0000000000031f60 0000000000000010 b g_viRootService
0000000000031f70 0000000000000008 V __nx_vi_layer_id
0000000000031f78 0000000000000008 b g_argv_empty
0000000000031f80 0000000000000008 B __system_argv
0000000000031f88 0000000000000004 B __system_argc
0000000000031f90 0000000000000340 B __nx_exceptiondump
00000000000322d0 0000000000000004 V __nx_exception_ignoredebug
00000000000322e0 0000000000000400 V __nx_exception_stack
00000000000326e0 0000000000000008 V __nx_heap_size
00000000000326e8 0000000000000008 b __bootticks
00000000000326f0 0000000000000008 b __boottime
00000000000326f8 0000000000000004 V __nx_time_type
0000000000032700 0000000000000004 B __nxlink_host
0000000000032710 0000000000002800 b fsdev_fsdevices
0000000000034f10 0000000000000004 b fsdev_fsdevice_cwd
0000000000034f14 0000000000000001 b fsdev_initialised
0000000000034f18 0000000000000004 b g_randMutex
0000000000034f1c 0000000000000001 b g_randInit
0000000000034f20 0000000000000040 b g_chacha
0000000000034f60 0000000000000038 b g_mainThread
0000000000034f98 0000000000000008 b g_threadList
0000000000034fa0 0000000000000004 b g_threadMutex
0000000000034fa8 0000000000000008 b g_setsysGuard
0000000000034fb0 0000000000000010 b g_setsysSrv
0000000000034fc0 0000000000000008 b g_timeGuard
0000000000034fc8 0000000000000020 b g_timeSharedmem
0000000000034fe8 0000000000000010 b g_timeLocalSystemClock
0000000000034ff8 0000000000000010 b g_timeTimeZoneService
0000000000035008 0000000000000010 b g_timeSteadyClock
0000000000035018 0000000000000010 b g_timeNetworkSystemClock
0000000000035028 0000000000000010 b g_timeUserSystemClock
0000000000035038 0000000000000010 b g_timeSrv
0000000000035048 0000000000000004 V __nx_time_service_type
0000000000035050 0000000000000050 B __malloc_current_mallinfo
00000000000350a0 0000000000000008 B __malloc_max_total_mem
00000000000350a8 0000000000000008 B __malloc_max_sbrked_mem
00000000000350b0 0000000000000008 B __malloc_top_pad
00000000000350b8 0000000000000008 b __sfp_recursive_mutex
00000000000350c0 0000000000000228 B __sf
00000000000352e8 0000000000000008 B __stdio_exit_handler
00000000000352f0 0000000000000008 b __malloc_recursive_mutex
00000000000352f8 0000000000000004 b alloced.0
0000000000035300 0000000000000008 b initial_env
0000000000035308 0000000000000008 b __env_recursive_mutex
0000000000035310 0000000000000400 b temp_cwd
0000000000035710 0000000000000004 b __hndl_lock
0000000000035718 0000000000000008 B fake_heap_start
0000000000035720 0000000000000008 B fake_heap_end
0000000000035728 0000000000000008 b heap_start.0
0000000000035730 b __tls_start
0000000000035b40 b __bss_end__
0000000000035b40 b __end__
0000000000035b40 b __tls_end
0000000000036000 b __argdata__
